<?xml version="1.0" encoding="UTF-8"?>
<testng-results ignored="0" total="1" passed="1" failed="0" skipped="0">
  <reporter-output>
  </reporter-output>
  <suite started-at="2021-12-23T13:33:54 COT" name="Surefire suite" finished-at="2021-12-23T13:34:11 COT" duration-ms="16565">
    <groups>
    </groups>
    <test started-at="2021-12-23T13:33:54 COT" name="Surefire test" finished-at="2021-12-23T13:34:11 COT" duration-ms="16565">
      <class name="org.rahulshettyacademy.DemoTest">
        <test-method is-config="true" signature="setup()[pri:0, instance:org.rahulshettyacademy.DemoTest@55b0dcab]" started-at="2021-12-23T13:33:54 COT" name="setup" finished-at="2021-12-23T13:33:59 COT" duration-ms="5028" status="PASS">
          <reporter-output>
          </reporter-output>
        </test-method> <!-- setup -->
        <test-method signature="flightTest(java.util.HashMap)[pri:0, instance:org.rahulshettyacademy.DemoTest@55b0dcab]" started-at="2021-12-23T13:34:00 COT" name="flightTest" data-provider="getData" finished-at="2021-12-23T13:34:10 COT" duration-ms="10460" status="PASS">
          <params>
            <param index="0">
              <value>
                <![CDATA[{destination=HYD, destination2=MMA, origin=DEL}]]>
              </value>
            </param>
          </params>
          <reporter-output>
          </reporter-output>
        </test-method> <!-- flightTest -->
        <test-method is-config="true" signature="tearDown()[pri:0, instance:org.rahulshettyacademy.DemoTest@55b0dcab]" started-at="2021-12-23T13:34:10 COT" name="tearDown" finished-at="2021-12-23T13:34:11 COT" duration-ms="802" status="PASS">
          <reporter-output>
          </reporter-output>
        </test-method> <!-- tearDown -->
      </class> <!-- org.rahulshettyacademy.DemoTest -->
    </test> <!-- Surefire test -->
  </suite> <!-- Surefire suite -->
</testng-results>
